{"C:\\Users\\Lenovo\\Desktop\\PROJECTS\\shortlink\\server\\index.js": {"path":"C:\\Users\\Lenovo\\Desktop\\PROJECTS\\shortlink\\server\\index.js","statementMap":{"0":{"start":{"line":1,"column":16},"end":{"line":1,"column":34}},"1":{"start":{"line":2,"column":12},"end":{"line":2,"column":21}},"2":{"start":{"line":3,"column":19},"end":{"line":3,"column":41}},"3":{"start":{"line":4,"column":13},"end":{"line":4,"column":28}},"4":{"start":{"line":5,"column":15},"end":{"line":5,"column":41}},"5":{"start":{"line":7,"column":0},"end":{"line":7,"column":16}},"6":{"start":{"line":8,"column":0},"end":{"line":8,"column":27}},"7":{"start":{"line":11,"column":0},"end":{"line":11,"column":24}},"8":{"start":{"line":14,"column":0},"end":{"line":17,"column":3}},"9":{"start":{"line":15,"column":2},"end":{"line":15,"column":27}},"10":{"start":{"line":16,"column":2},"end":{"line":16,"column":59}},"11":{"start":{"line":19,"column":13},"end":{"line":19,"column":37}},"12":{"start":{"line":21,"column":0},"end":{"line":21,"column":21}},"13":{"start":{"line":23,"column":0},"end":{"line":29,"column":1}},"14":{"start":{"line":24,"column":17},"end":{"line":28,"column":4}},"15":{"start":{"line":25,"column":4},"end":{"line":25,"column":50}},"16":{"start":{"line":27,"column":4},"end":{"line":27,"column":24}}},"fnMap":{"0":{"name":"(anonymous_0)","decl":{"start":{"line":14,"column":8},"end":{"line":14,"column":9}},"loc":{"start":{"line":14,"column":33},"end":{"line":17,"column":1}},"line":14},"1":{"name":"(anonymous_1)","decl":{"start":{"line":24,"column":34},"end":{"line":24,"column":35}},"loc":{"start":{"line":24,"column":40},"end":{"line":28,"column":3}},"line":24}},"branchMap":{"0":{"loc":{"start":{"line":19,"column":13},"end":{"line":19,"column":37}},"type":"binary-expr","locations":[{"start":{"line":19,"column":13},"end":{"line":19,"column":29}},{"start":{"line":19,"column":33},"end":{"line":19,"column":37}}],"line":19},"1":{"loc":{"start":{"line":23,"column":0},"end":{"line":29,"column":1}},"type":"if","locations":[{"start":{"line":23,"column":0},"end":{"line":29,"column":1}},{"start":{},"end":{}}],"line":23}},"s":{"0":1,"1":1,"2":1,"3":1,"4":1,"5":1,"6":1,"7":1,"8":1,"9":0,"10":0,"11":1,"12":1,"13":1,"14":0,"15":0,"16":0},"f":{"0":0,"1":0},"b":{"0":[1,1],"1":[0,1]},"_coverageSchema":"1a1c01bbd47fc00a2c39e90264f33305004495a9","hash":"93bf8cbf44806486ed62eadc71215268908d55c7"}
,"C:\\Users\\Lenovo\\Desktop\\PROJECTS\\shortlink\\server\\controllers\\controllers.js": {"path":"C:\\Users\\Lenovo\\Desktop\\PROJECTS\\shortlink\\server\\controllers\\controllers.js","statementMap":{"0":{"start":{"line":1,"column":11},"end":{"line":1,"column":30}},"1":{"start":{"line":2,"column":21},"end":{"line":2,"column":53}},"2":{"start":{"line":4,"column":15},"end":{"line":23,"column":1}},"3":{"start":{"line":5,"column":2},"end":{"line":22,"column":3}},"4":{"start":{"line":6,"column":24},"end":{"line":6,"column":32}},"5":{"start":{"line":7,"column":4},"end":{"line":9,"column":5}},"6":{"start":{"line":8,"column":6},"end":{"line":8,"column":69}},"7":{"start":{"line":10,"column":17},"end":{"line":10,"column":31}},"8":{"start":{"line":11,"column":21},"end":{"line":11,"column":47}},"9":{"start":{"line":12,"column":4},"end":{"line":17,"column":6}},"10":{"start":{"line":19,"column":4},"end":{"line":19,"column":39}},"11":{"start":{"line":21,"column":4},"end":{"line":21,"column":60}},"12":{"start":{"line":25,"column":15},"end":{"line":42,"column":1}},"13":{"start":{"line":26,"column":2},"end":{"line":41,"column":3}},"14":{"start":{"line":27,"column":25},"end":{"line":27,"column":33}},"15":{"start":{"line":28,"column":4},"end":{"line":30,"column":5}},"16":{"start":{"line":29,"column":6},"end":{"line":29,"column":70}},"17":{"start":{"line":32,"column":21},"end":{"line":32,"column":33}},"18":{"start":{"line":34,"column":4},"end":{"line":36,"column":5}},"19":{"start":{"line":35,"column":6},"end":{"line":35,"column":68}},"20":{"start":{"line":38,"column":4},"end":{"line":38,"column":44}},"21":{"start":{"line":40,"column":4},"end":{"line":40,"column":52}},"22":{"start":{"line":44,"column":17},"end":{"line":55,"column":1}},"23":{"start":{"line":45,"column":19},"end":{"line":45,"column":29}},"24":{"start":{"line":46,"column":19},"end":{"line":46,"column":45}},"25":{"start":{"line":47,"column":19},"end":{"line":47,"column":31}},"26":{"start":{"line":49,"column":2},"end":{"line":51,"column":3}},"27":{"start":{"line":50,"column":4},"end":{"line":50,"column":60}},"28":{"start":{"line":53,"column":2},"end":{"line":53,"column":20}},"29":{"start":{"line":54,"column":2},"end":{"line":54,"column":33}},"30":{"start":{"line":56,"column":22},"end":{"line":72,"column":1}},"31":{"start":{"line":57,"column":19},"end":{"line":57,"column":29}},"32":{"start":{"line":58,"column":19},"end":{"line":58,"column":45}},"33":{"start":{"line":59,"column":19},"end":{"line":59,"column":31}},"34":{"start":{"line":61,"column":2},"end":{"line":63,"column":3}},"35":{"start":{"line":62,"column":4},"end":{"line":62,"column":60}},"36":{"start":{"line":65,"column":2},"end":{"line":71,"column":5}},"37":{"start":{"line":74,"column":16},"end":{"line":77,"column":1}},"38":{"start":{"line":75,"column":18},"end":{"line":75,"column":35}},"39":{"start":{"line":76,"column":2},"end":{"line":76,"column":32}},"40":{"start":{"line":78,"column":0},"end":{"line":78,"column":70}}},"fnMap":{"0":{"name":"(anonymous_0)","decl":{"start":{"line":4,"column":15},"end":{"line":4,"column":16}},"loc":{"start":{"line":4,"column":35},"end":{"line":23,"column":1}},"line":4},"1":{"name":"(anonymous_1)","decl":{"start":{"line":25,"column":15},"end":{"line":25,"column":16}},"loc":{"start":{"line":25,"column":35},"end":{"line":42,"column":1}},"line":25},"2":{"name":"(anonymous_2)","decl":{"start":{"line":44,"column":17},"end":{"line":44,"column":18}},"loc":{"start":{"line":44,"column":31},"end":{"line":55,"column":1}},"line":44},"3":{"name":"(anonymous_3)","decl":{"start":{"line":56,"column":22},"end":{"line":56,"column":23}},"loc":{"start":{"line":56,"column":36},"end":{"line":72,"column":1}},"line":56},"4":{"name":"(anonymous_4)","decl":{"start":{"line":74,"column":16},"end":{"line":74,"column":17}},"loc":{"start":{"line":74,"column":30},"end":{"line":77,"column":1}},"line":74}},"branchMap":{"0":{"loc":{"start":{"line":7,"column":4},"end":{"line":9,"column":5}},"type":"if","locations":[{"start":{"line":7,"column":4},"end":{"line":9,"column":5}},{"start":{},"end":{}}],"line":7},"1":{"loc":{"start":{"line":28,"column":4},"end":{"line":30,"column":5}},"type":"if","locations":[{"start":{"line":28,"column":4},"end":{"line":30,"column":5}},{"start":{},"end":{}}],"line":28},"2":{"loc":{"start":{"line":34,"column":4},"end":{"line":36,"column":5}},"type":"if","locations":[{"start":{"line":34,"column":4},"end":{"line":36,"column":5}},{"start":{},"end":{}}],"line":34},"3":{"loc":{"start":{"line":49,"column":2},"end":{"line":51,"column":3}},"type":"if","locations":[{"start":{"line":49,"column":2},"end":{"line":51,"column":3}},{"start":{},"end":{}}],"line":49},"4":{"loc":{"start":{"line":61,"column":2},"end":{"line":63,"column":3}},"type":"if","locations":[{"start":{"line":61,"column":2},"end":{"line":63,"column":3}},{"start":{},"end":{}}],"line":61}},"s":{"0":1,"1":1,"2":1,"3":7,"4":7,"5":7,"6":1,"7":6,"8":6,"9":6,"10":6,"11":0,"12":1,"13":3,"14":3,"15":3,"16":1,"17":2,"18":2,"19":1,"20":1,"21":0,"22":1,"23":3,"24":3,"25":3,"26":3,"27":1,"28":2,"29":2,"30":1,"31":2,"32":2,"33":2,"34":2,"35":1,"36":1,"37":1,"38":1,"39":1,"40":1},"f":{"0":7,"1":3,"2":3,"3":2,"4":1},"b":{"0":[1,6],"1":[1,2],"2":[1,1],"3":[1,2],"4":[1,1]},"_coverageSchema":"1a1c01bbd47fc00a2c39e90264f33305004495a9","hash":"4334dd768c6a6afe03636bd1d914d153a56fe450"}
,"C:\\Users\\Lenovo\\Desktop\\PROJECTS\\shortlink\\server\\db\\db.js": {"path":"C:\\Users\\Lenovo\\Desktop\\PROJECTS\\shortlink\\server\\db\\db.js","statementMap":{"0":{"start":{"line":2,"column":11},"end":{"line":2,"column":13}},"1":{"start":{"line":3,"column":0},"end":{"line":3,"column":20}}},"fnMap":{},"branchMap":{},"s":{"0":1,"1":1},"f":{},"b":{},"_coverageSchema":"1a1c01bbd47fc00a2c39e90264f33305004495a9","hash":"372bbcbeee579a78a5bfcf59abbc3806d5599cc7"}
,"C:\\Users\\Lenovo\\Desktop\\PROJECTS\\shortlink\\server\\routes\\routes.js": {"path":"C:\\Users\\Lenovo\\Desktop\\PROJECTS\\shortlink\\server\\routes\\routes.js","statementMap":{"0":{"start":{"line":1,"column":16},"end":{"line":1,"column":34}},"1":{"start":{"line":2,"column":61},"end":{"line":2,"column":98}},"2":{"start":{"line":3,"column":15},"end":{"line":3,"column":31}},"3":{"start":{"line":5,"column":0},"end":{"line":5,"column":29}},"4":{"start":{"line":6,"column":0},"end":{"line":6,"column":31}},"5":{"start":{"line":7,"column":0},"end":{"line":7,"column":30}},"6":{"start":{"line":8,"column":0},"end":{"line":8,"column":40}},"7":{"start":{"line":9,"column":0},"end":{"line":9,"column":47}},"8":{"start":{"line":11,"column":0},"end":{"line":11,"column":24}}},"fnMap":{},"branchMap":{},"s":{"0":1,"1":1,"2":1,"3":1,"4":1,"5":1,"6":1,"7":1,"8":1},"f":{},"b":{},"_coverageSchema":"1a1c01bbd47fc00a2c39e90264f33305004495a9","hash":"323744b60210151dca9ec5afd08c35deb2ea8006"}
,"C:\\Users\\Lenovo\\Desktop\\PROJECTS\\shortlink\\server\\utils\\generateCode.js": {"path":"C:\\Users\\Lenovo\\Desktop\\PROJECTS\\shortlink\\server\\utils\\generateCode.js","statementMap":{"0":{"start":{"line":1,"column":21},"end":{"line":8,"column":1}},"1":{"start":{"line":2,"column":16},"end":{"line":2,"column":80}},"2":{"start":{"line":3,"column":13},"end":{"line":3,"column":15}},"3":{"start":{"line":4,"column":2},"end":{"line":6,"column":3}},"4":{"start":{"line":4,"column":15},"end":{"line":4,"column":16}},"5":{"start":{"line":5,"column":4},"end":{"line":5,"column":67}},"6":{"start":{"line":7,"column":2},"end":{"line":7,"column":14}},"7":{"start":{"line":9,"column":0},"end":{"line":9,"column":30}}},"fnMap":{"0":{"name":"(anonymous_0)","decl":{"start":{"line":1,"column":21},"end":{"line":1,"column":22}},"loc":{"start":{"line":1,"column":37},"end":{"line":8,"column":1}},"line":1}},"branchMap":{"0":{"loc":{"start":{"line":1,"column":22},"end":{"line":1,"column":32}},"type":"default-arg","locations":[{"start":{"line":1,"column":31},"end":{"line":1,"column":32}}],"line":1}},"s":{"0":2,"1":7,"2":7,"3":7,"4":7,"5":42,"6":7,"7":2},"f":{"0":7},"b":{"0":[6]},"_coverageSchema":"1a1c01bbd47fc00a2c39e90264f33305004495a9","hash":"b27e5c0a506ac25f4e4b2a5be7de28b373b0ac62"}
}
