TN:
SF:index.js
FN:14,(anonymous_0)
FN:24,(anonymous_1)
FNF:2
FNH:0
FNDA:0,(anonymous_0)
FNDA:0,(anonymous_1)
DA:1,1
DA:2,1
DA:3,1
DA:4,1
DA:5,1
DA:7,1
DA:8,1
DA:11,1
DA:14,1
DA:15,0
DA:16,0
DA:19,1
DA:21,1
DA:23,1
DA:24,0
DA:25,0
DA:27,0
LF:17
LH:12
BRDA:19,0,0,1
BRDA:19,0,1,1
BRDA:23,1,0,0
BRDA:23,1,1,1
BRF:4
BRH:3
end_of_record
TN:
SF:controllers\controllers.js
FN:4,(anonymous_0)
FN:25,(anonymous_1)
FN:44,(anonymous_2)
FN:56,(anonymous_3)
FN:74,(anonymous_4)
FNF:5
FNH:5
FNDA:7,(anonymous_0)
FNDA:3,(anonymous_1)
FNDA:3,(anonymous_2)
FNDA:2,(anonymous_3)
FNDA:1,(anonymous_4)
DA:1,1
DA:2,1
DA:4,1
DA:5,7
DA:6,7
DA:7,7
DA:8,1
DA:10,6
DA:11,6
DA:12,6
DA:19,6
DA:21,0
DA:25,1
DA:26,3
DA:27,3
DA:28,3
DA:29,1
DA:32,2
DA:34,2
DA:35,1
DA:38,1
DA:40,0
DA:44,1
DA:45,3
DA:46,3
DA:47,3
DA:49,3
DA:50,1
DA:53,2
DA:54,2
DA:56,1
DA:57,2
DA:58,2
DA:59,2
DA:61,2
DA:62,1
DA:65,1
DA:74,1
DA:75,1
DA:76,1
DA:78,1
LF:41
LH:39
BRDA:7,0,0,1
BRDA:7,0,1,6
BRDA:28,1,0,1
BRDA:28,1,1,2
BRDA:34,2,0,1
BRDA:34,2,1,1
BRDA:49,3,0,1
BRDA:49,3,1,2
BRDA:61,4,0,1
BRDA:61,4,1,1
BRF:10
BRH:10
end_of_record
TN:
SF:db\db.js
FNF:0
FNH:0
DA:2,1
DA:3,1
LF:2
LH:2
BRF:0
BRH:0
end_of_record
TN:
SF:routes\routes.js
FNF:0
FNH:0
DA:1,1
DA:2,1
DA:3,1
DA:5,1
DA:6,1
DA:7,1
DA:8,1
DA:9,1
DA:11,1
LF:9
LH:9
BRF:0
BRH:0
end_of_record
TN:
SF:utils\generateCode.js
FN:1,(anonymous_0)
FNF:1
FNH:1
FNDA:7,(anonymous_0)
DA:1,2
DA:2,7
DA:3,7
DA:4,7
DA:5,42
DA:7,7
DA:9,2
LF:7
LH:7
BRDA:1,0,0,6
BRF:1
BRH:1
end_of_record
